<?xml version="1.0" encoding="UTF-8"?>
<!-- Generated by org.testng.reporters.JUnitReportReporter -->
<testsuite hostname="world" name="com.rb.promise.pageObjectsTests.PageObjectsTest" tests="1" failures="0" timestamp="23 Dec 2014 11:16:10 GMT" time="0.016" errors="0">
  <testcase name="test" time="0.016" classname="com.rb.promise.pageObjectsTests.PageObjectsTest"/>
</testsuite> <!-- com.rb.promise.pageObjectsTests.PageObjectsTest -->
