<?xml version="1.0" encoding="UTF-8"?>
<!-- Generated by org.testng.reporters.JUnitReportReporter -->
<testsuite hostname="world" name="com.rb.promise.base.All" tests="1" failures="0" timestamp="20 Dec 2014 09:42:34 GMT" time="0.031" errors="0">
  <testcase name="allin" time="0.031" classname="com.rb.promise.base.All"/>
</testsuite> <!-- com.rb.promise.base.All -->
